app/build/outputs/apk/manifest-merger-debug-report.txt
-- Merging decision tree log ---
manifest
ADDED from AndroidManifest.xml:2:1
	xmlns:android
		ADDED from AndroidManifest.xml:2:11
	package
		ADDED from AndroidManifest.xml:3:7
		INJECTED from AndroidManifest.xml:0:0
		INJECTED from AndroidManifest.xml:0:0
	android:versionName
		ADDED from AndroidManifest.xml:5:7
	android:versionCode
		ADDED from AndroidManifest.xml:4:7
		INJECTED from AndroidManifest.xml:0:0
		INJECTED from AndroidManifest.xml:0:0
uses-sdk
ADDED from AndroidManifest.xml:6:2
	android:targetSdkVersion
		ADDED from AndroidManifest.xml:6:38
		INJECTED from AndroidManifest.xml:0:0
		INJECTED from AndroidManifest.xml:0:0
	android:minSdkVersion
		ADDED from AndroidManifest.xml:6:12
		INJECTED from AndroidManifest.xml:0:0
		INJECTED from AndroidManifest.xml:0:0
uses-permission#android.permission.VIBRATE
ADDED from AndroidManifest.xml:8:2
	android:name
		ADDED from AndroidManifest.xml:8:19
uses-permission#android.permission.READ_EXTERNAL_STORAGE
ADDED from AndroidManifest.xml:9:2
	android:name
		ADDED from AndroidManifest.xml:9:19
uses-permission#android.permission.WRITE_EXTERNAL_STORAGE
ADDED from AndroidManifest.xml:10:2
	android:name
		ADDED from AndroidManifest.xml:10:19
uses-permission#android.permission.WAKE_LOCK
ADDED from AndroidManifest.xml:11:2
	android:name
		ADDED from AndroidManifest.xml:11:19
application
ADDED from AndroidManifest.xml:13:5
	android:label
		ADDED from AndroidManifest.xml:13:48
	android:allowBackup
		ADDED from AndroidManifest.xml:13:81
	android:icon
		ADDED from AndroidManifest.xml:13:18
activity#drkstrinc.pokemon.Title
ADDED from AndroidManifest.xml:14:9
	android:screenOrientation
		ADDED from AndroidManifest.xml:16:19
	android:label
		ADDED from AndroidManifest.xml:15:19
	android:name
		ADDED from AndroidManifest.xml:14:19
	android:alwaysRetainTaskState
		ADDED from AndroidManifest.xml:17:19
intent-filter#android.intent.action.MAIN+android.intent.category.LAUNCHER
ADDED from AndroidManifest.xml:18:13
action#android.intent.action.MAIN
ADDED from AndroidManifest.xml:19:17
	android:name
		ADDED from AndroidManifest.xml:19:25
category#android.intent.category.LAUNCHER
ADDED from AndroidManifest.xml:20:17
	android:name
		ADDED from AndroidManifest.xml:20:27
activity#drkstrinc.pokemon.Pokemon
ADDED from AndroidManifest.xml:24:3
	android:name
		ADDED from AndroidManifest.xml:24:13
activity#drkstrinc.pokemon.ContinueScreen
ADDED from AndroidManifest.xml:25:3
	android:screenOrientation
		ADDED from AndroidManifest.xml:26:10
	android:name
		ADDED from AndroidManifest.xml:25:13
	android:alwaysRetainTaskState
		ADDED from AndroidManifest.xml:27:19
activity#drkstrinc.pokemon.GenderChooser
ADDED from AndroidManifest.xml:28:3
	android:screenOrientation
		ADDED from AndroidManifest.xml:29:10
	android:name
		ADDED from AndroidManifest.xml:28:13
	android:alwaysRetainTaskState
		ADDED from AndroidManifest.xml:30:19
activity#drkstrinc.pokemon.Credits
ADDED from AndroidManifest.xml:31:3
	android:screenOrientation
		ADDED from AndroidManifest.xml:32:10
	android:name
		ADDED from AndroidManifest.xml:31:13
	android:alwaysRetainTaskState
		ADDED from AndroidManifest.xml:33:19